C:\Users\Ponce's\Documents\Visual Studio 2017\Projects\PruebasAngular\PruebasAngular\Bundles\src\app\app.component.js
C:\Users\Ponce's\Documents\Visual Studio 2017\Projects\PruebasAngular\PruebasAngular\Bundles\src\app\app.component.js.map
C:\Users\Ponce's\Documents\Visual Studio 2017\Projects\PruebasAngular\PruebasAngular\Bundles\src\app\hero.js
C:\Users\Ponce's\Documents\Visual Studio 2017\Projects\PruebasAngular\PruebasAngular\Bundles\src\app\hero.js.map
C:\Users\Ponce's\Documents\Visual Studio 2017\Projects\PruebasAngular\PruebasAngular\Bundles\src\app\message.service.js
C:\Users\Ponce's\Documents\Visual Studio 2017\Projects\PruebasAngular\PruebasAngular\Bundles\src\app\message.service.js.map
C:\Users\Ponce's\Documents\Visual Studio 2017\Projects\PruebasAngular\PruebasAngular\Bundles\src\app\dashboard\recepcion.js
C:\Users\Ponce's\Documents\Visual Studio 2017\Projects\PruebasAngular\PruebasAngular\Bundles\src\app\dashboard\recepcion.js.map
C:\Users\Ponce's\Documents\Visual Studio 2017\Projects\PruebasAngular\PruebasAngular\Bundles\src\app\hero.service.js
C:\Users\Ponce's\Documents\Visual Studio 2017\Projects\PruebasAngular\PruebasAngular\Bundles\src\app\hero.service.js.map
C:\Users\Ponce's\Documents\Visual Studio 2017\Projects\PruebasAngular\PruebasAngular\Bundles\src\app\heroes\heroes.component.js
C:\Users\Ponce's\Documents\Visual Studio 2017\Projects\PruebasAngular\PruebasAngular\Bundles\src\app\heroes\heroes.component.js.map
C:\Users\Ponce's\Documents\Visual Studio 2017\Projects\PruebasAngular\PruebasAngular\Bundles\src\app\hero-detail\hero-detail.component.js
C:\Users\Ponce's\Documents\Visual Studio 2017\Projects\PruebasAngular\PruebasAngular\Bundles\src\app\hero-detail\hero-detail.component.js.map
C:\Users\Ponce's\Documents\Visual Studio 2017\Projects\PruebasAngular\PruebasAngular\Bundles\src\app\messages\messages.component.js
C:\Users\Ponce's\Documents\Visual Studio 2017\Projects\PruebasAngular\PruebasAngular\Bundles\src\app\messages\messages.component.js.map
C:\Users\Ponce's\Documents\Visual Studio 2017\Projects\PruebasAngular\PruebasAngular\Bundles\src\app\dashboard\dashboard.component.js
C:\Users\Ponce's\Documents\Visual Studio 2017\Projects\PruebasAngular\PruebasAngular\Bundles\src\app\dashboard\dashboard.component.js.map
C:\Users\Ponce's\Documents\Visual Studio 2017\Projects\PruebasAngular\PruebasAngular\Bundles\src\app\app-routing.module.js
C:\Users\Ponce's\Documents\Visual Studio 2017\Projects\PruebasAngular\PruebasAngular\Bundles\src\app\app-routing.module.js.map
C:\Users\Ponce's\Documents\Visual Studio 2017\Projects\PruebasAngular\PruebasAngular\Bundles\src\app\in-memory-data.service.js
C:\Users\Ponce's\Documents\Visual Studio 2017\Projects\PruebasAngular\PruebasAngular\Bundles\src\app\in-memory-data.service.js.map
C:\Users\Ponce's\Documents\Visual Studio 2017\Projects\PruebasAngular\PruebasAngular\Bundles\src\app\app.module.js
C:\Users\Ponce's\Documents\Visual Studio 2017\Projects\PruebasAngular\PruebasAngular\Bundles\src\app\app.module.js.map
C:\Users\Ponce's\Documents\Visual Studio 2017\Projects\PruebasAngular\PruebasAngular\Bundles\src\environments\environment.js
C:\Users\Ponce's\Documents\Visual Studio 2017\Projects\PruebasAngular\PruebasAngular\Bundles\src\environments\environment.js.map
C:\Users\Ponce's\Documents\Visual Studio 2017\Projects\PruebasAngular\PruebasAngular\Bundles\src\main.js
C:\Users\Ponce's\Documents\Visual Studio 2017\Projects\PruebasAngular\PruebasAngular\Bundles\src\main.js.map
C:\Users\Ponce's\Documents\Visual Studio 2017\Projects\PruebasAngular\PruebasAngular\Bundles\src\polyfills.js
C:\Users\Ponce's\Documents\Visual Studio 2017\Projects\PruebasAngular\PruebasAngular\Bundles\src\polyfills.js.map
C:\Users\Ponce's\Documents\Visual Studio 2017\Projects\PruebasAngular\PruebasAngular\Bundles\src\test.js
C:\Users\Ponce's\Documents\Visual Studio 2017\Projects\PruebasAngular\PruebasAngular\Bundles\src\test.js.map
C:\Users\Ponce's\Documents\Visual Studio 2017\Projects\PruebasAngular\PruebasAngular\Bundles\e2e\src\app.po.js
C:\Users\Ponce's\Documents\Visual Studio 2017\Projects\PruebasAngular\PruebasAngular\Bundles\e2e\src\app.po.js.map
C:\Users\Ponce's\Documents\Visual Studio 2017\Projects\PruebasAngular\PruebasAngular\Bundles\e2e\src\app.e2e-spec.js
C:\Users\Ponce's\Documents\Visual Studio 2017\Projects\PruebasAngular\PruebasAngular\Bundles\e2e\src\app.e2e-spec.js.map
C:\Users\Ponce's\Documents\Visual Studio 2017\Projects\PruebasAngular\PruebasAngular\Bundles\src\app\app-routing.module.spec.js
C:\Users\Ponce's\Documents\Visual Studio 2017\Projects\PruebasAngular\PruebasAngular\Bundles\src\app\app-routing.module.spec.js.map
C:\Users\Ponce's\Documents\Visual Studio 2017\Projects\PruebasAngular\PruebasAngular\Bundles\src\app\app.component.spec.js
C:\Users\Ponce's\Documents\Visual Studio 2017\Projects\PruebasAngular\PruebasAngular\Bundles\src\app\app.component.spec.js.map
C:\Users\Ponce's\Documents\Visual Studio 2017\Projects\PruebasAngular\PruebasAngular\Bundles\src\app\hero.service.spec.js
C:\Users\Ponce's\Documents\Visual Studio 2017\Projects\PruebasAngular\PruebasAngular\Bundles\src\app\hero.service.spec.js.map
C:\Users\Ponce's\Documents\Visual Studio 2017\Projects\PruebasAngular\PruebasAngular\Bundles\src\app\in-memory-data.service.spec.js
C:\Users\Ponce's\Documents\Visual Studio 2017\Projects\PruebasAngular\PruebasAngular\Bundles\src\app\in-memory-data.service.spec.js.map
C:\Users\Ponce's\Documents\Visual Studio 2017\Projects\PruebasAngular\PruebasAngular\Bundles\src\app\message.service.spec.js
C:\Users\Ponce's\Documents\Visual Studio 2017\Projects\PruebasAngular\PruebasAngular\Bundles\src\app\message.service.spec.js.map
C:\Users\Ponce's\Documents\Visual Studio 2017\Projects\PruebasAngular\PruebasAngular\Bundles\src\environments\environment.prod.js
C:\Users\Ponce's\Documents\Visual Studio 2017\Projects\PruebasAngular\PruebasAngular\Bundles\src\environments\environment.prod.js.map
C:\Users\Ponce's\Documents\Visual Studio 2017\Projects\PruebasAngular\PruebasAngular\Bundles\src\app\dashboard\dashboard.component.spec.js
C:\Users\Ponce's\Documents\Visual Studio 2017\Projects\PruebasAngular\PruebasAngular\Bundles\src\app\dashboard\dashboard.component.spec.js.map
C:\Users\Ponce's\Documents\Visual Studio 2017\Projects\PruebasAngular\PruebasAngular\Bundles\src\app\hero-detail\hero-detail.component.spec.js
C:\Users\Ponce's\Documents\Visual Studio 2017\Projects\PruebasAngular\PruebasAngular\Bundles\src\app\hero-detail\hero-detail.component.spec.js.map
C:\Users\Ponce's\Documents\Visual Studio 2017\Projects\PruebasAngular\PruebasAngular\Bundles\src\app\heroes\heroes.component.spec.js
C:\Users\Ponce's\Documents\Visual Studio 2017\Projects\PruebasAngular\PruebasAngular\Bundles\src\app\heroes\heroes.component.spec.js.map
C:\Users\Ponce's\Documents\Visual Studio 2017\Projects\PruebasAngular\PruebasAngular\Bundles\src\app\messages\messages.component.spec.js
C:\Users\Ponce's\Documents\Visual Studio 2017\Projects\PruebasAngular\PruebasAngular\Bundles\src\app\messages\messages.component.spec.js.map
