C:\Users\Ponce's\Documents\Visual Studio 2017\Projects\PruebasAngular\PruebasAngular\Bundles\e2e\src\app.po.js
C:\Users\Ponce's\Documents\Visual Studio 2017\Projects\PruebasAngular\PruebasAngular\Bundles\e2e\src\app.po.js.map
C:\Users\Ponce's\Documents\Visual Studio 2017\Projects\PruebasAngular\PruebasAngular\Bundles\e2e\src\app.e2e-spec.js
C:\Users\Ponce's\Documents\Visual Studio 2017\Projects\PruebasAngular\PruebasAngular\Bundles\e2e\src\app.e2e-spec.js.map
C:\Users\Ponce's\Documents\Visual Studio 2017\Projects\PruebasAngular\PruebasAngular\Bundles\src\app\app.component.js
C:\Users\Ponce's\Documents\Visual Studio 2017\Projects\PruebasAngular\PruebasAngular\Bundles\src\app\app.component.js.map
C:\Users\Ponce's\Documents\Visual Studio 2017\Projects\PruebasAngular\PruebasAngular\Bundles\src\app\app.component.spec.js
C:\Users\Ponce's\Documents\Visual Studio 2017\Projects\PruebasAngular\PruebasAngular\Bundles\src\app\app.component.spec.js.map
C:\Users\Ponce's\Documents\Visual Studio 2017\Projects\PruebasAngular\PruebasAngular\Bundles\src\app\app.module.js
C:\Users\Ponce's\Documents\Visual Studio 2017\Projects\PruebasAngular\PruebasAngular\Bundles\src\app\app.module.js.map
C:\Users\Ponce's\Documents\Visual Studio 2017\Projects\PruebasAngular\PruebasAngular\Bundles\src\environments\environment.prod.js
C:\Users\Ponce's\Documents\Visual Studio 2017\Projects\PruebasAngular\PruebasAngular\Bundles\src\environments\environment.prod.js.map
C:\Users\Ponce's\Documents\Visual Studio 2017\Projects\PruebasAngular\PruebasAngular\Bundles\src\environments\environment.js
C:\Users\Ponce's\Documents\Visual Studio 2017\Projects\PruebasAngular\PruebasAngular\Bundles\src\environments\environment.js.map
C:\Users\Ponce's\Documents\Visual Studio 2017\Projects\PruebasAngular\PruebasAngular\Bundles\src\main.js
C:\Users\Ponce's\Documents\Visual Studio 2017\Projects\PruebasAngular\PruebasAngular\Bundles\src\main.js.map
C:\Users\Ponce's\Documents\Visual Studio 2017\Projects\PruebasAngular\PruebasAngular\Bundles\src\polyfills.js
C:\Users\Ponce's\Documents\Visual Studio 2017\Projects\PruebasAngular\PruebasAngular\Bundles\src\polyfills.js.map
C:\Users\Ponce's\Documents\Visual Studio 2017\Projects\PruebasAngular\PruebasAngular\Bundles\src\test.js
C:\Users\Ponce's\Documents\Visual Studio 2017\Projects\PruebasAngular\PruebasAngular\Bundles\src\test.js.map
